{"/mnt/c/Users/STD/codefellows/401/api-server-new/lib/server.js": {"path":"/mnt/c/Users/STD/codefellows/401/api-server-new/lib/server.js","statementMap":{"0":{"start":{"line":1,"column":13},"end":{"line":1,"column":28}},"1":{"start":{"line":3,"column":16},"end":{"line":3,"column":34}},"2":{"start":{"line":4,"column":15},"end":{"line":4,"column":44}},"3":{"start":{"line":5,"column":15},"end":{"line":5,"column":32}},"4":{"start":{"line":6,"column":24},"end":{"line":6,"column":59}},"5":{"start":{"line":7,"column":21},"end":{"line":7,"column":56}},"6":{"start":{"line":9,"column":12},"end":{"line":9,"column":21}},"7":{"start":{"line":10,"column":0},"end":{"line":10,"column":43}},"8":{"start":{"line":11,"column":0},"end":{"line":11,"column":24}},"9":{"start":{"line":12,"column":0},"end":{"line":12,"column":23}},"10":{"start":{"line":13,"column":0},"end":{"line":13,"column":16}},"11":{"start":{"line":14,"column":0},"end":{"line":14,"column":27}},"12":{"start":{"line":15,"column":0},"end":{"line":15,"column":30}},"13":{"start":{"line":16,"column":0},"end":{"line":16,"column":22}},"14":{"start":{"line":17,"column":0},"end":{"line":24,"column":2}},"15":{"start":{"line":20,"column":17},"end":{"line":20,"column":49}},"16":{"start":{"line":21,"column":4},"end":{"line":22,"column":6}},"17":{"start":{"line":21,"column":27},"end":{"line":21,"column":67}}},"fnMap":{"0":{"name":"(anonymous_0)","decl":{"start":{"line":19,"column":9},"end":{"line":19,"column":10}},"loc":{"start":{"line":19,"column":19},"end":{"line":23,"column":3}},"line":19},"1":{"name":"(anonymous_1)","decl":{"start":{"line":21,"column":21},"end":{"line":21,"column":22}},"loc":{"start":{"line":21,"column":27},"end":{"line":21,"column":67}},"line":21}},"branchMap":{"0":{"loc":{"start":{"line":20,"column":17},"end":{"line":20,"column":49}},"type":"binary-expr","locations":[{"start":{"line":20,"column":17},"end":{"line":20,"column":21}},{"start":{"line":20,"column":25},"end":{"line":20,"column":41}},{"start":{"line":20,"column":45},"end":{"line":20,"column":49}}],"line":20}},"s":{"0":3,"1":3,"2":3,"3":3,"4":3,"5":3,"6":3,"7":3,"8":3,"9":3,"10":3,"11":3,"12":3,"13":3,"14":3,"15":0,"16":0,"17":0},"f":{"0":0,"1":0},"b":{"0":[0,0,0]},"_coverageSchema":"1a1c01bbd47fc00a2c39e90264f33305004495a9","hash":"3424e0c6a523d72189af3a0b17e799a54585a07c"}
,"/mnt/c/Users/STD/codefellows/401/api-server-new/lib/middleware/404.js": {"path":"/mnt/c/Users/STD/codefellows/401/api-server-new/lib/middleware/404.js","statementMap":{"0":{"start":{"line":2,"column":2},"end":{"line":2,"column":18}},"1":{"start":{"line":3,"column":2},"end":{"line":3,"column":46}},"2":{"start":{"line":4,"column":2},"end":{"line":4,"column":33}},"3":{"start":{"line":6,"column":0},"end":{"line":6,"column":33}}},"fnMap":{"0":{"name":"notFoundHandler","decl":{"start":{"line":1,"column":9},"end":{"line":1,"column":24}},"loc":{"start":{"line":1,"column":38},"end":{"line":5,"column":1}},"line":1}},"branchMap":{},"s":{"0":4,"1":4,"2":4,"3":3},"f":{"0":4},"b":{},"_coverageSchema":"1a1c01bbd47fc00a2c39e90264f33305004495a9","hash":"3c9dd0fbb11d341363681b5cd04beccc0faa5e43"}
,"/mnt/c/Users/STD/codefellows/401/api-server-new/lib/middleware/500.js": {"path":"/mnt/c/Users/STD/codefellows/401/api-server-new/lib/middleware/500.js","statementMap":{"0":{"start":{"line":2,"column":2},"end":{"line":2,"column":18}},"1":{"start":{"line":3,"column":2},"end":{"line":3,"column":40}},"2":{"start":{"line":4,"column":2},"end":{"line":4,"column":39}},"3":{"start":{"line":6,"column":0},"end":{"line":6,"column":30}}},"fnMap":{"0":{"name":"errorHandler","decl":{"start":{"line":1,"column":9},"end":{"line":1,"column":21}},"loc":{"start":{"line":1,"column":39},"end":{"line":5,"column":1}},"line":1}},"branchMap":{},"s":{"0":1,"1":1,"2":1,"3":3},"f":{"0":1},"b":{},"_coverageSchema":"1a1c01bbd47fc00a2c39e90264f33305004495a9","hash":"3a9aa36d2ee88bf27490b84f40179380a0a853e0"}
,"/mnt/c/Users/STD/codefellows/401/api-server-new/lib/middleware/logger.js": {"path":"/mnt/c/Users/STD/codefellows/401/api-server-new/lib/middleware/logger.js","statementMap":{"0":{"start":{"line":2,"column":2},"end":{"line":2,"column":117}},"1":{"start":{"line":3,"column":2},"end":{"line":3,"column":9}},"2":{"start":{"line":5,"column":0},"end":{"line":5,"column":24}}},"fnMap":{"0":{"name":"logger","decl":{"start":{"line":1,"column":9},"end":{"line":1,"column":15}},"loc":{"start":{"line":1,"column":30},"end":{"line":4,"column":1}},"line":1}},"branchMap":{},"s":{"0":2,"1":2,"2":1},"f":{"0":2},"b":{},"_coverageSchema":"1a1c01bbd47fc00a2c39e90264f33305004495a9","hash":"1d41f1c99a028da13bee65fdc53ea128e073520f"}
,"/mnt/c/Users/STD/codefellows/401/api-server-new/lib/middleware/timestamp.js": {"path":"/mnt/c/Users/STD/codefellows/401/api-server-new/lib/middleware/timestamp.js","statementMap":{"0":{"start":{"line":2,"column":15},"end":{"line":2,"column":25}},"1":{"start":{"line":3,"column":22},"end":{"line":3,"column":47}},"2":{"start":{"line":4,"column":2},"end":{"line":4,"column":32}},"3":{"start":{"line":5,"column":2},"end":{"line":5,"column":9}},"4":{"start":{"line":7,"column":0},"end":{"line":7,"column":27}}},"fnMap":{"0":{"name":"timestamp","decl":{"start":{"line":1,"column":9},"end":{"line":1,"column":18}},"loc":{"start":{"line":1,"column":33},"end":{"line":6,"column":1}},"line":1}},"branchMap":{},"s":{"0":1,"1":1,"2":1,"3":1,"4":1},"f":{"0":1},"b":{},"_coverageSchema":"1a1c01bbd47fc00a2c39e90264f33305004495a9","hash":"9ce117b27a771b50a87cd3cd7b63f21dc5aa24a7"}
,"/mnt/c/Users/STD/codefellows/401/api-server-new/lib/models/mongo.js": {"path":"/mnt/c/Users/STD/codefellows/401/api-server-new/lib/models/mongo.js","statementMap":{"0":{"start":{"line":14,"column":4},"end":{"line":14,"column":25}},"1":{"start":{"line":23,"column":24},"end":{"line":23,"column":42}},"2":{"start":{"line":24,"column":4},"end":{"line":24,"column":41}},"3":{"start":{"line":32,"column":22},"end":{"line":32,"column":45}},"4":{"start":{"line":33,"column":4},"end":{"line":33,"column":28}},"5":{"start":{"line":44,"column":4},"end":{"line":44,"column":69}},"6":{"start":{"line":53,"column":4},"end":{"line":53,"column":46}},"7":{"start":{"line":57,"column":0},"end":{"line":57,"column":23}}},"fnMap":{"0":{"name":"(anonymous_0)","decl":{"start":{"line":13,"column":2},"end":{"line":13,"column":3}},"loc":{"start":{"line":13,"column":22},"end":{"line":15,"column":3}},"line":13},"1":{"name":"(anonymous_1)","decl":{"start":{"line":22,"column":2},"end":{"line":22,"column":3}},"loc":{"start":{"line":22,"column":11},"end":{"line":25,"column":3}},"line":22},"2":{"name":"(anonymous_2)","decl":{"start":{"line":31,"column":2},"end":{"line":31,"column":3}},"loc":{"start":{"line":31,"column":17},"end":{"line":34,"column":3}},"line":31},"3":{"name":"(anonymous_3)","decl":{"start":{"line":43,"column":2},"end":{"line":43,"column":3}},"loc":{"start":{"line":43,"column":22},"end":{"line":45,"column":3}},"line":43},"4":{"name":"(anonymous_4)","decl":{"start":{"line":52,"column":2},"end":{"line":52,"column":3}},"loc":{"start":{"line":52,"column":14},"end":{"line":54,"column":3}},"line":52}},"branchMap":{"0":{"loc":{"start":{"line":23,"column":24},"end":{"line":23,"column":42}},"type":"cond-expr","locations":[{"start":{"line":23,"column":30},"end":{"line":23,"column":37}},{"start":{"line":23,"column":40},"end":{"line":23,"column":42}}],"line":23}},"s":{"0":8,"1":12,"2":12,"3":13,"4":13,"5":4,"6":4,"7":5},"f":{"0":8,"1":12,"2":13,"3":4,"4":4},"b":{"0":[2,10]},"_coverageSchema":"1a1c01bbd47fc00a2c39e90264f33305004495a9","hash":"c94ea2b35ebb4000aedcfff75b7e17e6453dd06d"}
,"/mnt/c/Users/STD/codefellows/401/api-server-new/lib/models/categories/categories-model.js": {"path":"/mnt/c/Users/STD/codefellows/401/api-server-new/lib/models/categories/categories-model.js","statementMap":{"0":{"start":{"line":2,"column":15},"end":{"line":2,"column":48}},"1":{"start":{"line":3,"column":14},"end":{"line":3,"column":36}},"2":{"start":{"line":10,"column":4},"end":{"line":10,"column":18}},"3":{"start":{"line":13,"column":0},"end":{"line":13,"column":34}}},"fnMap":{"0":{"name":"(anonymous_0)","decl":{"start":{"line":9,"column":2},"end":{"line":9,"column":3}},"loc":{"start":{"line":9,"column":16},"end":{"line":11,"column":3}},"line":9}},"branchMap":{},"s":{"0":4,"1":4,"2":4,"3":4},"f":{"0":4},"b":{},"_coverageSchema":"1a1c01bbd47fc00a2c39e90264f33305004495a9","hash":"1fd848eaa718ef1e8b5d0cca043cba4fd7ff7285"}
,"/mnt/c/Users/STD/codefellows/401/api-server-new/lib/models/categories/categories-schema.js": {"path":"/mnt/c/Users/STD/codefellows/401/api-server-new/lib/models/categories/categories-schema.js","statementMap":{"0":{"start":{"line":2,"column":17},"end":{"line":2,"column":36}},"1":{"start":{"line":4,"column":19},"end":{"line":8,"column":2}},"2":{"start":{"line":10,"column":0},"end":{"line":10,"column":58}}},"fnMap":{},"branchMap":{},"s":{"0":4,"1":4,"2":4},"f":{},"b":{},"_coverageSchema":"1a1c01bbd47fc00a2c39e90264f33305004495a9","hash":"443efc3920e3fa9d9d845b509c8ee7687b49a00e"}
,"/mnt/c/Users/STD/codefellows/401/api-server-new/lib/models/products/products-model.js": {"path":"/mnt/c/Users/STD/codefellows/401/api-server-new/lib/models/products/products-model.js","statementMap":{"0":{"start":{"line":2,"column":15},"end":{"line":2,"column":46}},"1":{"start":{"line":3,"column":14},"end":{"line":3,"column":36}},"2":{"start":{"line":12,"column":4},"end":{"line":12,"column":18}},"3":{"start":{"line":16,"column":0},"end":{"line":16,"column":32}}},"fnMap":{"0":{"name":"(anonymous_0)","decl":{"start":{"line":11,"column":2},"end":{"line":11,"column":3}},"loc":{"start":{"line":11,"column":16},"end":{"line":13,"column":3}},"line":11}},"branchMap":{},"s":{"0":4,"1":4,"2":4,"3":4},"f":{"0":4},"b":{},"_coverageSchema":"1a1c01bbd47fc00a2c39e90264f33305004495a9","hash":"ec1205936d080f1fc16ae7f36eff70722643b738"}
,"/mnt/c/Users/STD/codefellows/401/api-server-new/lib/models/products/products-schema.js": {"path":"/mnt/c/Users/STD/codefellows/401/api-server-new/lib/models/products/products-schema.js","statementMap":{"0":{"start":{"line":2,"column":17},"end":{"line":2,"column":36}},"1":{"start":{"line":4,"column":17},"end":{"line":9,"column":2}},"2":{"start":{"line":11,"column":0},"end":{"line":11,"column":54}}},"fnMap":{},"branchMap":{},"s":{"0":4,"1":4,"2":4},"f":{},"b":{},"_coverageSchema":"1a1c01bbd47fc00a2c39e90264f33305004495a9","hash":"5e50080821148c0e467749ae9f2354926149a2fc"}
,"/mnt/c/Users/STD/codefellows/401/api-server-new/lib/routes/router.js": {"path":"/mnt/c/Users/STD/codefellows/401/api-server-new/lib/routes/router.js","statementMap":{"0":{"start":{"line":1,"column":16},"end":{"line":1,"column":34}},"1":{"start":{"line":2,"column":19},"end":{"line":2,"column":70}},"2":{"start":{"line":3,"column":17},"end":{"line":3,"column":64}},"3":{"start":{"line":4,"column":15},"end":{"line":4,"column":31}},"4":{"start":{"line":17,"column":0},"end":{"line":17,"column":32}},"5":{"start":{"line":20,"column":16},"end":{"line":20,"column":32}},"6":{"start":{"line":21,"column":2},"end":{"line":33,"column":3}},"7":{"start":{"line":23,"column":4},"end":{"line":23,"column":27}},"8":{"start":{"line":24,"column":4},"end":{"line":24,"column":11}},"9":{"start":{"line":25,"column":4},"end":{"line":25,"column":11}},"10":{"start":{"line":27,"column":4},"end":{"line":27,"column":25}},"11":{"start":{"line":28,"column":4},"end":{"line":28,"column":11}},"12":{"start":{"line":29,"column":4},"end":{"line":29,"column":11}},"13":{"start":{"line":31,"column":4},"end":{"line":31,"column":26}},"14":{"start":{"line":32,"column":4},"end":{"line":32,"column":11}},"15":{"start":{"line":35,"column":0},"end":{"line":35,"column":34}},"16":{"start":{"line":36,"column":0},"end":{"line":36,"column":42}},"17":{"start":{"line":37,"column":0},"end":{"line":37,"column":36}},"18":{"start":{"line":38,"column":0},"end":{"line":38,"column":45}},"19":{"start":{"line":39,"column":0},"end":{"line":39,"column":48}},"20":{"start":{"line":48,"column":2},"end":{"line":55,"column":3}},"21":{"start":{"line":49,"column":17},"end":{"line":49,"column":38}},"22":{"start":{"line":50,"column":18},"end":{"line":50,"column":29}},"23":{"start":{"line":51,"column":19},"end":{"line":51,"column":23}},"24":{"start":{"line":52,"column":4},"end":{"line":52,"column":29}},"25":{"start":{"line":54,"column":4},"end":{"line":54,"column":24}},"26":{"start":{"line":68,"column":13},"end":{"line":68,"column":26}},"27":{"start":{"line":69,"column":2},"end":{"line":74,"column":3}},"28":{"start":{"line":70,"column":17},"end":{"line":70,"column":40}},"29":{"start":{"line":71,"column":4},"end":{"line":71,"column":19}},"30":{"start":{"line":73,"column":4},"end":{"line":73,"column":24}},"31":{"start":{"line":84,"column":2},"end":{"line":89,"column":3}},"32":{"start":{"line":85,"column":17},"end":{"line":85,"column":49}},"33":{"start":{"line":86,"column":4},"end":{"line":86,"column":19}},"34":{"start":{"line":88,"column":4},"end":{"line":88,"column":24}},"35":{"start":{"line":101,"column":13},"end":{"line":101,"column":26}},"36":{"start":{"line":102,"column":2},"end":{"line":107,"column":3}},"37":{"start":{"line":103,"column":17},"end":{"line":103,"column":52}},"38":{"start":{"line":104,"column":4},"end":{"line":104,"column":19}},"39":{"start":{"line":106,"column":4},"end":{"line":106,"column":24}},"40":{"start":{"line":118,"column":13},"end":{"line":118,"column":26}},"41":{"start":{"line":119,"column":2},"end":{"line":124,"column":3}},"42":{"start":{"line":120,"column":4},"end":{"line":120,"column":31}},"43":{"start":{"line":121,"column":4},"end":{"line":121,"column":17}},"44":{"start":{"line":123,"column":4},"end":{"line":123,"column":24}},"45":{"start":{"line":127,"column":0},"end":{"line":127,"column":24}}},"fnMap":{"0":{"name":"getModel","decl":{"start":{"line":19,"column":9},"end":{"line":19,"column":17}},"loc":{"start":{"line":19,"column":34},"end":{"line":34,"column":1}},"line":19},"1":{"name":"getHandler","decl":{"start":{"line":47,"column":15},"end":{"line":47,"column":25}},"loc":{"start":{"line":47,"column":39},"end":{"line":57,"column":1}},"line":47},"2":{"name":"getByIdHandler","decl":{"start":{"line":67,"column":15},"end":{"line":67,"column":29}},"loc":{"start":{"line":67,"column":43},"end":{"line":76,"column":1}},"line":67},"3":{"name":"postHandler","decl":{"start":{"line":83,"column":15},"end":{"line":83,"column":26}},"loc":{"start":{"line":83,"column":40},"end":{"line":91,"column":1}},"line":83},"4":{"name":"updateByIdHandler","decl":{"start":{"line":100,"column":15},"end":{"line":100,"column":32}},"loc":{"start":{"line":100,"column":46},"end":{"line":109,"column":1}},"line":100},"5":{"name":"deleteByIdHandler","decl":{"start":{"line":117,"column":15},"end":{"line":117,"column":32}},"loc":{"start":{"line":117,"column":46},"end":{"line":125,"column":1}},"line":117}},"branchMap":{"0":{"loc":{"start":{"line":21,"column":2},"end":{"line":33,"column":3}},"type":"switch","locations":[{"start":{"line":22,"column":2},"end":{"line":25,"column":11}},{"start":{"line":26,"column":2},"end":{"line":29,"column":11}},{"start":{"line":30,"column":2},"end":{"line":32,"column":11}}],"line":21}},"s":{"0":3,"1":3,"2":3,"3":3,"4":3,"5":19,"6":19,"7":10,"8":10,"9":10,"10":9,"11":9,"12":9,"13":0,"14":0,"15":3,"16":3,"17":3,"18":3,"19":3,"20":2,"21":2,"22":2,"23":2,"24":2,"25":0,"26":2,"27":2,"28":2,"29":2,"30":0,"31":11,"32":11,"33":10,"34":1,"35":2,"36":2,"37":2,"38":2,"39":0,"40":2,"41":2,"42":2,"43":2,"44":0,"45":3},"f":{"0":19,"1":2,"2":2,"3":11,"4":2,"5":2},"b":{"0":[10,9,0]},"_coverageSchema":"1a1c01bbd47fc00a2c39e90264f33305004495a9","hash":"cdda173bd06ab347642fc97ab1a7da285679475a"}
}
