TN:
SF:lib/server.js
FN:19,(anonymous_0)
FN:21,(anonymous_1)
FNF:2
FNH:0
FNDA:0,(anonymous_0)
FNDA:0,(anonymous_1)
DA:1,3
DA:3,3
DA:4,3
DA:5,3
DA:6,3
DA:7,3
DA:9,3
DA:10,3
DA:11,3
DA:12,3
DA:13,3
DA:14,3
DA:15,3
DA:16,3
DA:17,3
DA:20,0
DA:21,0
LF:17
LH:15
BRDA:20,0,0,0
BRDA:20,0,1,0
BRDA:20,0,2,0
BRF:3
BRH:0
end_of_record
TN:
SF:lib/middleware/404.js
FN:1,notFoundHandler
FNF:1
FNH:1
FNDA:4,notFoundHandler
DA:2,4
DA:3,4
DA:4,4
DA:6,3
LF:4
LH:4
BRF:0
BRH:0
end_of_record
TN:
SF:lib/middleware/500.js
FN:1,errorHandler
FNF:1
FNH:1
FNDA:1,errorHandler
DA:2,1
DA:3,1
DA:4,1
DA:6,3
LF:4
LH:4
BRF:0
BRH:0
end_of_record
TN:
SF:lib/middleware/logger.js
FN:1,logger
FNF:1
FNH:1
FNDA:2,logger
DA:2,2
DA:3,2
DA:5,1
LF:3
LH:3
BRF:0
BRH:0
end_of_record
TN:
SF:lib/middleware/timestamp.js
FN:1,timestamp
FNF:1
FNH:1
FNDA:1,timestamp
DA:2,1
DA:3,1
DA:4,1
DA:5,1
DA:7,1
LF:5
LH:5
BRF:0
BRH:0
end_of_record
TN:
SF:lib/models/mongo.js
FN:13,(anonymous_0)
FN:22,(anonymous_1)
FN:31,(anonymous_2)
FN:43,(anonymous_3)
FN:52,(anonymous_4)
FNF:5
FNH:5
FNDA:8,(anonymous_0)
FNDA:12,(anonymous_1)
FNDA:13,(anonymous_2)
FNDA:4,(anonymous_3)
FNDA:4,(anonymous_4)
DA:14,8
DA:23,12
DA:24,12
DA:32,13
DA:33,13
DA:44,4
DA:53,4
DA:57,5
LF:8
LH:8
BRDA:23,0,0,2
BRDA:23,0,1,10
BRF:2
BRH:2
end_of_record
TN:
SF:lib/models/categories/categories-model.js
FN:9,(anonymous_0)
FNF:1
FNH:1
FNDA:4,(anonymous_0)
DA:2,4
DA:3,4
DA:10,4
DA:13,4
LF:4
LH:4
BRF:0
BRH:0
end_of_record
TN:
SF:lib/models/categories/categories-schema.js
FNF:0
FNH:0
DA:2,4
DA:4,4
DA:10,4
LF:3
LH:3
BRF:0
BRH:0
end_of_record
TN:
SF:lib/models/products/products-model.js
FN:11,(anonymous_0)
FNF:1
FNH:1
FNDA:4,(anonymous_0)
DA:2,4
DA:3,4
DA:12,4
DA:16,4
LF:4
LH:4
BRF:0
BRH:0
end_of_record
TN:
SF:lib/models/products/products-schema.js
FNF:0
FNH:0
DA:2,4
DA:4,4
DA:11,4
LF:3
LH:3
BRF:0
BRH:0
end_of_record
TN:
SF:lib/routes/router.js
FN:19,getModel
FN:47,getHandler
FN:67,getByIdHandler
FN:83,postHandler
FN:100,updateByIdHandler
FN:117,deleteByIdHandler
FNF:6
FNH:6
FNDA:19,getModel
FNDA:2,getHandler
FNDA:2,getByIdHandler
FNDA:11,postHandler
FNDA:2,updateByIdHandler
FNDA:2,deleteByIdHandler
DA:1,3
DA:2,3
DA:3,3
DA:4,3
DA:17,3
DA:20,19
DA:21,19
DA:23,10
DA:24,10
DA:25,10
DA:27,9
DA:28,9
DA:29,9
DA:31,0
DA:32,0
DA:35,3
DA:36,3
DA:37,3
DA:38,3
DA:39,3
DA:48,2
DA:49,2
DA:50,2
DA:51,2
DA:52,2
DA:54,0
DA:68,2
DA:69,2
DA:70,2
DA:71,2
DA:73,0
DA:84,11
DA:85,11
DA:86,10
DA:88,1
DA:101,2
DA:102,2
DA:103,2
DA:104,2
DA:106,0
DA:118,2
DA:119,2
DA:120,2
DA:121,2
DA:123,0
DA:127,3
LF:46
LH:40
BRDA:21,0,0,10
BRDA:21,0,1,9
BRDA:21,0,2,0
BRF:3
BRH:2
end_of_record
